<?xml version="1.0" encoding="UTF-8"?>
<testsuite xmlns:xsi="http://www.w3.org/2001/XMLSchema-instance" xsi:noNamespaceSchemaLocation="https://maven.apache.org/surefire/maven-surefire-plugin/xsd/surefire-test-report-3.0.xsd" version="3.0" name="kr.or.ddit.props.PropertiesTest" time="0.003" tests="2" errors="0" skipped="1" failures="0">
  <properties>
[...]
</properties>
  <testcase name="testReadAndWrite" classname="kr.or.ddit.props.PropertiesTest" time="0.0">
    <skipped message="void kr.or.ddit.props.PropertiesTest.testReadAndWrite() throws java.io.IOException,java.net.URISyntaxException is @Disabled"/>
  </testcase>
  <testcase name="testRead" classname="kr.or.ddit.props.PropertiesTest" time="0.002">
    <system-out><![CDATA[2
props.getProperty("prop1") = value1
prop2 : ??
prop1 : value1
]]></system-out>
  </testcase>
</testsuite>