<?xml version="1.0" encoding="UTF-8"?>
<testsuite xmlns:xsi="http://www.w3.org/2001/XMLSchema-instance" xsi:noNamespaceSchemaLocation="https://maven.apache.org/surefire/maven-surefire-plugin/xsd/surefire-test-report-3.0.xsd" version="3.0" name="kr.or.ddit.jackson.CalendarUIDataTest" time="0.231" tests="1" errors="0" skipped="0" failures="0">
  <properties>
[...]
</properties>
  <testcase name="test" classname="kr.or.ddit.jackson.CalendarUIDataTest" time="0.231">
    <system-out><![CDATA[{
  "locales" : {
    "en-IE" : "English (Ireland)",
    "hi" : "西밝ㅏ西귖ㄶ誓�",
    "ar-KW" : "碼�꾓밑극ⓜ듰� (碼�꾔꺳댶듰�)",
    "pt" : "portugu챗s",
    "ms-MY" : "Bahasa Melayu (Malaysia)",
    "en-IN" : "English (India)",
    "es-BO" : "espa챰ol (Bolivia)",
    "ar-SY" : "碼�꾓밑극ⓜ듰� (卍�댵근듰�)",
    "en-ZA" : "English (South Africa)",
    "hr" : "hrvatski",
    "no-NO" : "norsk (Norge)",
    "ja-JP-u-ca-japanese-x-lvariant-JP" : "�뿥�쑍沃� (�뿥�쑍,JP)",
    "hu" : "magyar",
    "sr-Latn-BA" : "Srpski (Latin,Bosna i Hercegovina)",
    "sr-Latn-RS" : "Srpski (Latin,Srbija)",
    "el-GR" : "�빺뾔뾔로싸민부� (�빺뾔뾔�灌慣)",
    "nl-NL" : "Nederlands (Nederland)",
    "sr-CS" : "鬼�極�곍분� (鬼�閨龜�샫� 龜 揆�戟逵 �볂앗�逵)",
    "de-GR" : "Deutsch (Griechenland)",
    "ar-LB" : "碼�꾓밑극ⓜ듰� (�꾓ⓜ녩Ω�)",
    "en-AU" : "English (Australia)",
    "he-IL" : "鬧�뫷ⓚ쇬� (�쇬⒦ⓚ먚�)",
    "id" : "Bahasa Indonesia",
    "mk-MK" : "劇逵克筠畇棘戟�곍분� (�쑷겆분둔닉압싻먈샫�)",
    "ar-TN" : "碼�꾓밑극ⓜ듰� (魔�댶녩�)",
    "ar-LY" : "碼�꾓밑극ⓜ듰� (�꾔듰ⓜ듰�)",
    "hu-HU" : "magyar (Magyarorsz찼g)",
    "es-SV" : "espa챰ol (El Salvador)",
    "es-CR" : "espa챰ol (Costa Rica)",
    "is" : "챠slenska",
    "it" : "italiano",
    "es-CL" : "espa챰ol (Chile)",
    "zh" : "訝��뻼",
    "fr-CA" : "fran챌ais (Canada)",
    "es-CO" : "espa챰ol (Colombia)",
    "ar" : "碼�꾓밑극ⓜ듰�",
    "pl-PL" : "polski (Polska)",
    "pt-PT" : "portugu챗s (Portugal)",
    "es-CU" : "espa챰ol (Cuba)",
    "ar-EG" : "碼�꾓밑극ⓜ듰� (�끮뒈�)",
    "fr-BE" : "fran챌ais (Belgique)",
    "ga-IE" : "Gaeilge (횋ire)",
    "ja" : "�뿥�쑍沃�",
    "ar-DZ" : "碼�꾓밑극ⓜ듰� (碼�꾓ж꾜㎔┺�)",
    "en-SG" : "English (Singapore)",
    "ar-MA" : "碼�꾓밑극ⓜ듰� (碼�꾔끮붕극�)",
    "ro" : "rom창n훱",
    "es-HN" : "espa챰ol (Honduras)",
    "ru" : "��꺫곎곍분먁�",
    "be" : "閨筠剋逵��꺫곍붇�",
    "hr-HR" : "hrvatski (Hrvatska)",
    "es-PR" : "espa챰ol (Puerto Rico)",
    "bg" : "閨�듢뿅넓겉��곍분�",
    "es-PY" : "espa챰ol (Paraguay)",
    "sr-ME" : "鬼�極�곍분� (Montenegro)",
    "de-AT" : "Deutsch (횜sterreich)",
    "is-IS" : "챠slenska (횒sland)",
    "sk" : "Sloven훾ina",
    "sl" : "Sloven큄훾ina",
    "bg-BG" : "閨�듢뿅넓겉��곍분� (�뫱듢뿅넓겉�龜��)",
    "cs-CZ" : "훾e큄tina (훻esk찼 republika)",
    "en-PH" : "English (Philippines)",
    "ca" : "catal횪",
    "sq" : "shqip",
    "sr" : "鬼�極�곍분�",
    "sv" : "svenska",
    "ko" : "�븳援��뼱",
    "zh-TW" : "訝��뻼 (�룿�겂)",
    "ko-KR" : "�븳援��뼱 (���븳誘쇨뎅)",
    "sk-SK" : "Sloven훾ina (Slovensk찼 republika)",
    "sr-Latn-ME" : "Srpski (Latin,Crna Gora)",
    "cs" : "훾e큄tina",
    "ar-OM" : "碼�꾓밑극ⓜ듰� (卍�꾓뢨녩� 晩�끮Ω�)",
    "ru-RU" : "��꺫곎곍분먁� (�졤앗곎곍먈�)",
    "sq-AL" : "shqip (Shqip챘ria)",
    "th" : "仙꾝툠錫�",
    "es-AR" : "espa챰ol (Argentina)",
    "sv-SE" : "svenska (Sverige)",
    "da-DK" : "Dansk (Danmark)",
    "da" : "Dansk",
    "tr" : "T체rk챌e",
    "de" : "Deutsch",
    "uk-UA" : "�꺪붇�逵�쀐싼곎뚍분� (叫克�逵�쀐싻�)",
    "en-US" : "English (United States)",
    "lv-LV" : "Latvie큄u (Latvija)",
    "lt" : "Lietuvi킬",
    "en-MT" : "English (Malta)",
    "lv" : "Latvie큄u",
    "zh-CN" : "訝��뻼 (訝��쎖)",
    "nl-BE" : "Nederlands (Belgi챘)",
    "uk" : "�꺪붇�逵�쀐싼곎뚍분�",
    "hi-IN" : "西밝ㅏ西귖ㄶ誓� (西�西약ㅀ西�)",
    "el-CY" : "�빺뾔뾔로싸민부� (�싌띙��곊완�)",
    "ja-JP" : "�뿥�쑍沃� (�뿥�쑍)",
    "de-CH" : "Deutsch (Schweiz)",
    "mk" : "劇逵克筠畇棘戟�곍분�",
    "ar-YE" : "碼�꾓밑극ⓜ듰� (碼�꾔듲끯�)",
    "ms" : "Bahasa Melayu",
    "mt" : "Malti",
    "ar-QA" : "碼�꾓밑극ⓜ듰� (�귋뢍�)",
    "el" : "�빺뾔뾔로싸민부�",
    "es-GT" : "espa챰ol (Guatemala)",
    "en" : "English",
    "nn-NO" : "norsk (Norge,nynorsk)",
    "es" : "espa챰ol",
    "et" : "Eesti",
    "es-PE" : "espa챰ol (Per첬)",
    "en-NZ" : "English (New Zealand)",
    "be-BY" : "閨筠剋逵��꺫곍붇� (�뫰둔뿅겉��꺫곎�)",
    "vi" : "Ti梳퓆g Vi沼뇍",
    "zh-SG" : "訝��뻼 (�뼭�뒥�씉)",
    "ro-RO" : "rom창n훱 (Rom창nia)",
    "es-PA" : "espa챰ol (Panam찼)",
    "mt-MT" : "Malti (Malta)",
    "it-CH" : "italiano (Svizzera)",
    "et-EE" : "Eesti (Eesti)",
    "tr-TR" : "T체rk챌e (T체rkiye)",
    "fr-FR" : "fran챌ais (France)",
    "vi-VN" : "Ti梳퓆g Vi沼뇍 (Vi沼뇍 Nam)",
    "en-GB" : "English (United Kingdom)",
    "nl" : "Nederlands",
    "fi-FI" : "suomi (Suomi)",
    "no" : "norsk",
    "en-CA" : "English (Canada)",
    "fi" : "suomi",
    "lt-LT" : "Lietuvi킬 (Lietuva)",
    "ar-AE" : "碼�꾓밑극ⓜ듰� (碼�꾓��끮㎔극㎔�)",
    "sl-SI" : "Sloven큄훾ina (Slovenija)",
    "fr" : "fran챌ais",
    "es-DO" : "espa챰ol (Rep첬blica Dominicana)",
    "ar-IQ" : "碼�꾓밑극ⓜ듰� (碼�꾓밑극Ω�)",
    "fr-CH" : "fran챌ais (Suisse)",
    "es-US" : "espa챰ol (Estados Unidos)",
    "es-EC" : "espa챰ol (Ecuador)",
    "ga" : "Gaeilge",
    "ar-SA" : "碼�꾓밑극ⓜ듰� (碼�꾓넥바댵��듰�)",
    "de-DE" : "Deutsch (Deutschland)",
    "ca-ES" : "catal횪 (Espanya)",
    "sr-BA" : "鬼�極�곍분� (�뫰앗곍싻� 龜 奎筠��녡둔넓압꽥먁싻�)",
    "zh-HK" : "訝��뻼 (腰숁릭)",
    "sr-RS" : "鬼�極�곍분� (Serbia)",
    "ar-SD" : "碼�꾓밑극ⓜ듰� (碼�꾓넨댵�碼��)",
    "pt-BR" : "portugu챗s (Brasil)",
    "es-UY" : "espa챰ol (Uruguay)",
    "es-ES" : "espa챰ol (Espa챰a)",
    "ar-BH" : "碼�꾓밑극ⓜ듰� (碼�꾓ⓛ�邈�듲�)",
    "es-VE" : "espa챰ol (Venezuela)",
    "ar-JO" : "碼�꾓밑극ⓜ듰� (碼�꾓Ｘ극���)",
    "th-TH-u-nu-thai-x-lvariant-TH" : "仙꾝툠錫� (錫쎹르錫겯�錫쀠릅仙꾝툠錫�,TH)",
    "sr-Latn" : "Srpski (Latin)",
    "es-MX" : "espa챰ol (M챕xico)",
    "it-IT" : "italiano (Italia)",
    "id-ID" : "Bahasa Indonesia (Indonesia)",
    "de-LU" : "Deutsch (Luxemburg)",
    "fr-LU" : "fran챌ais (Luxembourg)",
    "pl" : "polski",
    "he" : "鬧�뫷ⓚ쇬�",
    "es-NI" : "espa챰ol (Nicaragua)",
    "th-TH" : "仙꾝툠錫� (錫쎹르錫겯�錫쀠릅仙꾝툠錫�)"
  },
  "Months" : [ "1�썡", "2�썡", "3�썡", "4�썡", "5�썡", "6�썡", "7�썡", "8�썡", "9�썡", "10�썡", "11�썡", "12�썡" ],
  "zones" : {
    "Asia/Aden" : "�븘�씪鍮꾩븘 �몴以��떆",
    "America/Cuiaba" : "�븘留덉〈 �몴以��떆",
    "Etc/GMT+9" : "Etc/GMT+9",
    "Etc/GMT+8" : "Etc/GMT+8",
    "Africa/Nairobi" : "�룞遺� �븘�봽由ъ뭅 �몴以��떆",
    "America/Marigot" : "���꽌�뼇 �몴以��떆",
    "Asia/Aqtau" : "�븘�겕���슦 �몴以��떆",
    "Pacific/Kwajalein" : "留덉뀥 �젣�룄 �몴以��떆",
    "America/El_Salvador" : "以묐� �몴以��떆",
    "Asia/Pontianak" : "�꽌遺� �씤�룄�꽕�떆�븘 �몴以��떆",
    "Africa/Cairo" : "�룞遺� �쑀�읇 �몴以��떆",
    "Pacific/Pago_Pago" : "�궗紐⑥븘 �몴以��떆",
    "Pacific/Rarotonga" : "荑� �젣�룄 �몴以��떆",
    "Pacific/Honolulu" : "�븯���씠 �몴以��떆",
    "Asia/Kuching" : "留먮젅�씠�떆�븘 �몴以��떆",
    "Africa/Mbabane" : "�궓�븘�봽由ъ뭅 �몴以��떆",
    "America/Guatemala" : "以묐� �몴以��떆",
    "Australia/Hobart" : "�룞遺� �몴以��떆(�깭利덈찓�씠�땲�븘)",
    "Europe/London" : "�쁺援� �몴以��떆",
    "America/Panama" : "�룞遺� �몴以��떆",
    "America/Belize" : "以묐� �몴以��떆",
    "Asia/Chungking" : "以묎뎅 �몴以��떆",
    "America/Managua" : "以묐� �몴以��떆",
    "Europe/Brussels" : "以묒븰 �쑀�읇 �몴以��떆",
    "Asia/Yerevan" : "�븘瑜대찓�땲�븘 �몴以��떆",
    "America/Indiana/Petersburg" : "�룞遺� �몴以��떆",
    "GMT" : "洹몃━�땲移� �몴以��떆",
    "Europe/Warsaw" : "以묒븰 �쑀�읇 �몴以��떆",
    "Pacific/Yap" : "異뷀겕 �몴以��떆",
    "Chile/Continental" : "移좊젅 �몴以��떆",
    "Asia/Kashgar" : "以묎뎅 �몴以��떆",
    "America/Chicago" : "以묐� �몴以��떆",
    "CET" : "以묒븰 �쑀�읇 �몴以��떆",
    "Etc/GMT-1" : "Etc/GMT-1",
    "Europe/Jersey" : "�쁺援� �몴以��떆",
    "Etc/GMT-0" : "洹몃━�땲移� �몴以��떆",
    "Europe/Istanbul" : "�룞遺� �쑀�읇 �몴以��떆",
    "Etc/GMT-5" : "Etc/GMT-5",
    "America/Tegucigalpa" : "以묐� �몴以��떆",
    "Etc/GMT-4" : "Etc/GMT-4",
    "America/Eirunepe" : "�뿉�씠而� �떆媛�",
    "Europe/Luxembourg" : "以묒븰 �쑀�읇 �몴以��떆",
    "Etc/GMT-3" : "Etc/GMT-3",
    "America/Miquelon" : "�뵾�뿉瑜� 誘명겢濡� �몴以��떆",
    "Etc/GMT-2" : "Etc/GMT-2",
    "Etc/GMT-9" : "Etc/GMT-9",
    "Etc/GMT-8" : "Etc/GMT-8",
    "America/Argentina/Catamarca" : "�븘瑜댄뿨�떚�굹 �몴以��떆",
    "Etc/GMT-7" : "Etc/GMT-7",
    "Etc/GMT-6" : "Etc/GMT-6",
    "Europe/Zaporozhye" : "�룞遺� �쑀�읇 �몴以��떆",
    "Canada/Yukon" : "�깭�룊�뼇 �몴以��떆",
    "Canada/Atlantic" : "���꽌�뼇 �몴以��떆",
    "Atlantic/St_Helena" : "洹몃━�땲移� �몴以��떆",
    "Libya" : "�룞遺� �쑀�읇 �몴以��떆",
    "Australia/Tasmania" : "�룞遺� �몴以��떆(�깭利덈찓�씠�땲�븘)",
    "Europe/Guernsey" : "�쁺援� �몴以��떆",
    "US/Pacific-New" : "�깭�룊�뼇 �몴以��떆",
    "America/Grand_Turk" : "���꽌�뼇 �몴以��떆",
    "Asia/Samarkand" : "�슦利덈쿋�궎�뒪�깂 �몴以��떆",
    "America/Argentina/Cordoba" : "�븘瑜댄뿨�떚�굹 �몴以��떆",
    "Asia/Phnom_Penh" : "�씤�룄李⑥씠�굹 諛섎룄 �몴以��떆",
    "US/Alaska" : "�븣�옒�뒪移� �몴以��떆",
    "Asia/Almaty" : "�븣留덉븘�� �몴以��떆",
    "Africa/Kigali" : "以묒븰 �븘�봽由ъ뭅 �몴以��떆",
    "Europe/Isle_of_Man" : "�쁺援� �몴以��떆",
    "Asia/Dubai" : "嫄명봽留� �몴以��떆",
    "Cuba" : "荑좊컮 �몴以��떆",
    "America/Araguaina" : "釉뚮씪吏덈━�븘 �몴以��떆",
    "Asia/Novosibirsk" : "�끂蹂댁떆鍮꾨Ⅴ�뒪�겕 �몴以��떆",
    "Etc/GMT+3" : "Etc/GMT+3",
    "America/Argentina/Salta" : "�븘瑜댄뿨�떚�굹 �몴以��떆",
    "Etc/GMT+2" : "Etc/GMT+2",
    "Africa/Tunis" : "以묒븰 �쑀�읇 �몴以��떆",
    "Pacific/Fakaofo" : "�넗耳덈씪�슦 �몴以��떆",
    "Etc/GMT+1" : "Etc/GMT+1",
    "Israel" : "�븘�뒪�씪�뿕 �몴以��떆",
    "Etc/GMT+0" : "洹몃━�땲移� �몴以��떆",
    "Africa/Tripoli" : "�룞遺� �쑀�읇 �몴以��떆",
    "Indian/Comoro" : "�룞遺� �븘�봽由ъ뭅 �몴以��떆",
    "Etc/GMT+7" : "Etc/GMT+7",
    "Africa/Banjul" : "洹몃━�땲移� �몴以��떆",
    "Etc/GMT+6" : "Etc/GMT+6",
    "Etc/GMT+5" : "Etc/GMT+5",
    "Etc/GMT+4" : "Etc/GMT+4",
    "Pacific/Port_Moresby" : "�뙆�뫖�븘 �돱湲곕땲�븘 �몴以��떆",
    "US/Arizona" : "�궛吏� �몴以��떆",
    "Indian/Reunion" : "�젅�쐞�땲�샊 �몴以��떆",
    "Antarctica/Syowa" : "�눥�� �몴以��떆",
    "Pacific/Palau" : "�뙏�씪�슦 �몴以��떆",
    "Europe/Kaliningrad" : "�룞遺� �쑀�읇 �몴以��떆",
    "America/Montevideo" : "�슦猷④낵�씠 �몴以��떆",
    "Africa/Windhoek" : "�꽌遺� �븘�봽由ъ뭅 �몴以��떆",
    "Asia/Karachi" : "�뙆�궎�뒪�깂 �몴以��떆",
    "Africa/Mogadishu" : "�룞遺� �븘�봽由ъ뭅 �몴以��떆",
    "Brazil/East" : "釉뚮씪吏덈━�븘 �몴以��떆",
    "Australia/Perth" : "�꽌遺� �몴以��떆(�삤�뒪�듃�젅�씪由ъ븘)",
    "Etc/GMT" : "洹몃━�땲移� �몴以��떆",
    "Asia/Chita" : "�빞荑좎툩�겕 �몴以��떆",
    "Pacific/Easter" : "�씠�뒪�꽣 �꽟 �몴以��떆",
    "Antarctica/Davis" : "�뜲�씠鍮꾩뒪 �몴以��떆",
    "Antarctica/McMurdo" : "�돱吏덈옖�뱶 �몴以��떆",
    "Asia/Macao" : "以묎뎅 �몴以��떆",
    "America/Manaus" : "�븘留덉〈 �몴以��떆",
    "Africa/Freetown" : "洹몃━�땲移� �몴以��떆",
    "Europe/Bucharest" : "�룞遺� �쑀�읇 �몴以��떆",
    "Asia/Tomsk" : "Asia/Tomsk",
    "Europe/Malta" : "以묒븰 �쑀�읇 �몴以��떆",
    "Asia/Macau" : "以묎뎅 �몴以��떆",
    "America/Argentina/Mendoza" : "�븘瑜댄뿨�떚�굹 �몴以��떆",
    "Pacific/Tahiti" : "���엳�떚 �몴以��떆",
    "Mexico/BajaSur" : "�궛吏� �몴以��떆",
    "Africa/Asmera" : "�룞遺� �븘�봽由ъ뭅 �몴以��떆",
    "Europe/Busingen" : "以묒븰 �쑀�읇 �몴以��떆",
    "America/Argentina/Rio_Gallegos" : "�븘瑜댄뿨�떚�굹 �몴以��떆",
    "Africa/Malabo" : "�꽌遺� �븘�봽由ъ뭅 �몴以��떆",
    "Europe/Skopje" : "以묒븰 �쑀�읇 �몴以��떆",
    "America/Godthab" : "�꽌遺� 洹몃┛���뱶 �몴以��떆",
    "America/Catamarca" : "�븘瑜댄뿨�떚�굹 �몴以��떆",
    "Europe/Sarajevo" : "以묒븰 �쑀�읇 �몴以��떆",
    "GB-Eire" : "�쁺援� �몴以��떆",
    "Australia/ACT" : "�룞遺� �몴以��떆(�돱�궗�슦�뒪�썾�씪利�)",
    "Africa/Lagos" : "�꽌遺� �븘�봽由ъ뭅 �몴以��떆",
    "Europe/Rome" : "以묒븰 �쑀�읇 �몴以��떆",
    "America/Cordoba" : "�븘瑜댄뿨�떚�굹 �몴以��떆",
    "Indian/Mauritius" : "紐⑤━�뀛�뒪 �몴以��떆",
    "Asia/Dacca" : "諛⑷��씪�뜲�떆 �몴以��떆",
    "Pacific/Samoa" : "�궗紐⑥븘 �몴以��떆",
    "America/Regina" : "以묐� �몴以��떆",
    "America/Fort_Wayne" : "�룞遺� �몴以��떆",
    "America/Dawson_Creek" : "�궛吏� �몴以��떆",
    "Europe/Mariehamn" : "�룞遺� �쑀�읇 �몴以��떆",
    "Africa/Algiers" : "以묒븰 �쑀�읇 �몴以��떆",
    "Europe/Zurich" : "以묒븰 �쑀�읇 �몴以��떆",
    "America/St_Thomas" : "���꽌�뼇 �몴以��떆",
    "America/St_Johns" : "�돱���뱾�옖�뱶 �몴以��떆",
    "America/Anguilla" : "���꽌�뼇 �몴以��떆",
    "Asia/Dili" : "�룞�떚紐⑤Ⅴ �몴以��떆",
    "America/Denver" : "�궛吏� �몴以��떆",
    "Africa/Bamako" : "洹몃━�땲移� �몴以��떆",
    "Pacific/Wallis" : "�썡由ъ뒪 �뫖�닾�굹 �몴以��떆",
    "Mexico/General" : "以묐� �몴以��떆",
    "GB" : "�쁺援� �몴以��떆",
    "Europe/Gibraltar" : "以묒븰 �쑀�읇 �몴以��떆",
    "Africa/Conakry" : "洹몃━�땲移� �몴以��떆",
    "Africa/Lubumbashi" : "以묒븰 �븘�봽由ъ뭅 �몴以��떆",
    "Asia/Istanbul" : "�룞遺� �쑀�읇 �몴以��떆",
    "America/Havana" : "荑좊컮 �몴以��떆",
    "NZ-CHAT" : "梨꾪� �몴以��떆",
    "Asia/Choibalsan" : "珥덉씠諛쒖궛 �몴以��떆",
    "Asia/Omsk" : "�샂�뒪�겕 �몴以��떆",
    "America/Porto_Acre" : "�뿉�씠而� �떆媛�",
    "US/Michigan" : "�룞遺� �몴以��떆",
    "Europe/Vaduz" : "以묒븰 �쑀�읇 �몴以��떆",
    "Asia/Dhaka" : "諛⑷��씪�뜲�떆 �몴以��떆",
    "America/Barbados" : "���꽌�뼇 �몴以��떆",
    "Europe/Tiraspol" : "�룞遺� �쑀�읇 �몴以��떆",
    "Atlantic/Cape_Verde" : "耳��씠�봽踰좊Ⅴ�뜲 �몴以��떆",
    "Asia/Yekaterinburg" : "�삁移댄뀒由곕�瑜댄겕 �몴以��떆",
    "America/Louisville" : "�룞遺� �몴以��떆",
    "Pacific/Johnston" : "�븯���씠 �몴以��떆",
    "Pacific/Chatham" : "梨꾪� �몴以��떆",
    "Europe/Ljubljana" : "以묒븰 �쑀�읇 �몴以��떆",
    "Asia/Jayapura" : "�룞遺� �씤�룄�꽕�떆�븘 �몴以��떆",
    "America/Sao_Paulo" : "釉뚮씪吏덈━�븘 �몴以��떆",
    "America/Curacao" : "���꽌�뼇 �몴以��떆",
    "Asia/Dushanbe" : "��吏��궎�뒪�깂 �몴以��떆",
    "America/Guyana" : "媛��씠�븘�굹 �몴以��떆",
    "Portugal" : "�꽌遺� �쑀�읇 �몴以��떆",
    "America/Martinique" : "���꽌�뼇 �몴以��떆",
    "America/Guayaquil" : "�뿉肄곕룄瑜� �몴以��떆",
    "Europe/Berlin" : "以묒븰 �쑀�읇 �몴以��떆",
    "Europe/Moscow" : "紐⑥뒪�겕諛� �몴以��떆",
    "Europe/Chisinau" : "�룞遺� �쑀�읇 �몴以��떆",
    "Pacific/Ponape" : "�룷�굹�럹 �몴以��떆",
    "America/Rankin_Inlet" : "以묐� �몴以��떆",
    "America/Puerto_Rico" : "���꽌�뼇 �몴以��떆",
    "Europe/Stockholm" : "以묒븰 �쑀�읇 �몴以��떆",
    "Europe/Budapest" : "以묒븰 �쑀�읇 �몴以��떆",
    "America/Argentina/Jujuy" : "�븘瑜댄뿨�떚�굹 �몴以��떆",
    "Australia/Eucla" : "以묒븰 �꽌遺� �몴以��떆(�삤�뒪�듃�젅�씪由ъ븘)",
    "Asia/Shanghai" : "以묎뎅 �몴以��떆",
    "Universal" : "吏��뿭 �몴以��떆",
    "Europe/Zagreb" : "以묒븰 �쑀�읇 �몴以��떆",
    "America/Port_of_Spain" : "���꽌�뼇 �몴以��떆",
    "Europe/Helsinki" : "�룞遺� �쑀�읇 �몴以��떆",
    "Asia/Beirut" : "�룞遺� �쑀�읇 �몴以��떆",
    "Asia/Tel_Aviv" : "�븘�뒪�씪�뿕 �몴以��떆",
    "Pacific/Bougainville" : "Bougainville Time",
    "US/Central" : "以묐� �몴以��떆",
    "Africa/Sao_Tome" : "洹몃━�땲移� �몴以��떆",
    "Indian/Chagos" : "�씤�룄�뼇 �떇誘쇱� �몴以��떆",
    "America/Cayenne" : "�봽�옉�뒪�졊 湲곗븘�굹 �몴以��떆",
    "Asia/Yakutsk" : "�빞荑좎툩�겕 �몴以��떆",
    "Pacific/Galapagos" : "媛덈씪�뙆怨좎뒪 �몴以��떆",
    "Australia/North" : "以묐� �몴以��떆(遺곷� 吏��뿭)",
    "Europe/Paris" : "以묒븰 �쑀�읇 �몴以��떆",
    "Africa/Ndjamena" : "�꽌遺� �븘�봽由ъ뭅 �몴以��떆",
    "Pacific/Fiji" : "�뵾吏� �몴以��떆",
    "Indian/Maldives" : "紐곕뵒釉� �몴以��떆",
    "America/Rainy_River" : "以묐� �몴以��떆",
    "SystemV/AST4" : "���꽌�뼇 �몴以��떆",
    "Australia/Yancowinna" : "以묐� �몴以��떆(�궓遺� �삤�뒪�듃�젅�씪由ъ븘/�돱�궗�슦�뒪�썾�씪利�)",
    "Asia/Oral" : "�삤�윺 �몴以��떆",
    "America/Yellowknife" : "�궛吏� �몴以��떆",
    "Pacific/Enderbury" : "�뵾�땳�뒪 �젣�룄 �몴以��떆",
    "Australia/Victoria" : "�룞遺� �몴以��떆(鍮낇넗由ъ븘)",
    "America/Juneau" : "�븣�옒�뒪移� �몴以��떆",
    "America/Indiana/Vevay" : "�룞遺� �몴以��떆",
    "Asia/Tashkent" : "�슦利덈쿋�궎�뒪�깂 �몴以��떆",
    "Asia/Jakarta" : "�꽌遺� �씤�룄�꽕�떆�븘 �몴以��떆",
    "Asia/Barnaul" : "Asia/Barnaul",
    "Africa/Ceuta" : "以묒븰 �쑀�읇 �몴以��떆",
    "America/Recife" : "釉뚮씪吏덈━�븘 �몴以��떆",
    "America/Buenos_Aires" : "�븘瑜댄뿨�떚�굹 �몴以��떆",
    "America/Noronha" : "�럹瑜대궃�룄 �뱶 �끂濡쒗븯 �몴以��떆",
    "America/Swift_Current" : "以묐� �몴以��떆",
    "Australia/Adelaide" : "以묐� �몴以��떆(�궓遺� �삤�뒪�듃�젅�씪由ъ븘)",
    "America/Metlakatla" : "�븣�옒�뒪移� �몴以��떆",
    "America/Paramaribo" : "�닔由щ궓 �몴以��떆",
    "Africa/Djibouti" : "�룞遺� �븘�봽由ъ뭅 �몴以��떆",
    "Europe/Simferopol" : "紐⑥뒪�겕諛� �몴以��떆",
    "Europe/Sofia" : "�룞遺� �쑀�읇 �몴以��떆",
    "Africa/Nouakchott" : "洹몃━�땲移� �몴以��떆",
    "Europe/Prague" : "以묒븰 �쑀�읇 �몴以��떆",
    "Antarctica/Mawson" : "留덉뒯 �몴以��떆",
    "America/Indiana/Vincennes" : "�룞遺� �몴以��떆",
    "America/Kralendijk" : "���꽌�뼇 �몴以��떆",
    "Antarctica/Troll" : "Troll Time",
    "Europe/Samara" : "�궗留덈씪 �몴以��떆",
    "Indian/Christmas" : "�겕由ъ뒪留덉뒪 �꽟 �몴以��떆",
    "America/Antigua" : "���꽌�뼇 �몴以��떆",
    "Pacific/Gambier" : "�옞鍮꾩븘 �몴以��떆",
    "America/Indianapolis" : "�룞遺� �몴以��떆",
    "America/Inuvik" : "�궛吏� �몴以��떆",
    "Pacific/Funafuti" : "�닾諛쒕（ �몴以��떆",
    "America/Iqaluit" : "�룞遺� �몴以��떆",
    "UTC" : "吏��뿭 �몴以��떆",
    "Antarctica/Macquarie" : "留ㅼ쉼由� �꽟 �몴以��떆",
    "Canada/Pacific" : "�깭�룊�뼇 �몴以��떆",
    "America/Moncton" : "���꽌�뼇 �몴以��떆",
    "Africa/Gaborone" : "以묒븰 �븘�봽由ъ뭅 �몴以��떆",
    "Pacific/Chuuk" : "異뷀겕 �몴以��떆",
    "Asia/Pyongyang" : "���븳誘쇨뎅 �몴以��떆",
    "America/St_Vincent" : "���꽌�뼇 �몴以��떆",
    "Etc/Universal" : "吏��뿭 �몴以��떆",
    "Asia/Gaza" : "�룞遺� �쑀�읇 �몴以��떆",
    "PST8PDT" : "�깭�룊�뼇 �몴以��떆",
    "Atlantic/Faeroe" : "�꽌遺� �쑀�읇 �몴以��떆",
    "Canada/Newfoundland" : "�돱���뱾�옖�뱶 �몴以��떆",
    "Asia/Qyzylorda" : "�궎吏덈줈瑜대떎 �몴以��떆",
    "America/Yakutat" : "�븣�옒�뒪移� �몴以��떆",
    "America/Kentucky/Louisville" : "�룞遺� �몴以��떆",
    "Asia/Ho_Chi_Minh" : "�씤�룄李⑥씠�굹 諛섎룄 �몴以��떆",
    "Europe/Copenhagen" : "以묒븰 �쑀�읇 �몴以��떆",
    "Antarctica/Casey" : "�꽌遺� �몴以��떆(�삤�뒪�듃�젅�씪由ъ븘)",
    "Europe/Vienna" : "以묒븰 �쑀�읇 �몴以��떆",
    "Atlantic/Azores" : "�븘議곕젅�뒪 �몴以��떆",
    "Africa/Asmara" : "�룞遺� �븘�봽由ъ뭅 �몴以��떆",
    "ROK" : "���븳誘쇨뎅 �몴以��떆",
    "Pacific/Pitcairn" : "�븦耳��뼵 �몴以��떆",
    "Australia/Queensland" : "�룞遺� �몴以��떆(�몄쫹�옖�뱶)",
    "America/Mazatlan" : "�궛吏� �몴以��떆",
    "Pacific/Nauru" : "�굹�슦猷� �몴以��떆",
    "Europe/Tirane" : "以묒븰 �쑀�읇 �몴以��떆",
    "SystemV/MST7" : "�궛吏� �몴以��떆",
    "Asia/Kolkata" : "�씤�룄 �몴以��떆",
    "Australia/Canberra" : "�룞遺� �몴以��떆(�돱�궗�슦�뒪�썾�씪利�)",
    "MET" : "MET",
    "Australia/Broken_Hill" : "以묐� �몴以��떆(�궓遺� �삤�뒪�듃�젅�씪由ъ븘/�돱�궗�슦�뒪�썾�씪利�)",
    "Europe/Riga" : "�룞遺� �쑀�읇 �몴以��떆",
    "America/Dominica" : "���꽌�뼇 �몴以��떆",
    "America/Mendoza" : "�븘瑜댄뿨�떚�굹 �몴以��떆",
    "Africa/Abidjan" : "洹몃━�땲移� �몴以��떆",
    "Kwajalein" : "留덉뀥 �젣�룄 �몴以��떆",
    "America/Santarem" : "釉뚮씪吏덈━�븘 �몴以��떆",
    "NZ" : "�돱吏덈옖�뱶 �몴以��떆",
    "Asia/Ulan_Bator" : "�슱��諛뷀넗瑜� �몴以��떆",
    "America/Asuncion" : "�뙆�씪怨쇱씠 �몴以��떆",
    "Australia/Currie" : "�룞遺� �몴以��떆(�돱�궗�슦�뒪�썾�씪利�)",
    "America/Boise" : "�궛吏� �몴以��떆",
    "EST5EDT" : "�룞遺� �몴以��떆",
    "Pacific/Guam" : "李⑤え瑜� �몴以��떆",
    "Pacific/Wake" : "�썾�씠�겕 �몴以��떆",
    "Atlantic/Bermuda" : "���꽌�뼇 �몴以��떆",
    "America/Dawson" : "�깭�룊�뼇 �몴以��떆",
    "America/Costa_Rica" : "以묐� �몴以��떆",
    "Europe/Amsterdam" : "以묒븰 �쑀�읇 �몴以��떆",
    "Eire" : "�븘�씪�옖�뱶 �몴以��떆",
    "Asia/Chongqing" : "以묎뎅 �몴以��떆",
    "America/Indiana/Knox" : "以묐� �몴以��떆",
    "America/North_Dakota/Beulah" : "以묐� �몴以��떆",
    "Africa/Accra" : "媛��굹 �몴以��떆",
    "Mexico/BajaNorte" : "�깭�룊�뼇 �몴以��떆",
    "Atlantic/Faroe" : "�꽌遺� �쑀�읇 �몴以��떆",
    "Pacific/Apia" : "�꽌�궗紐⑥븘 �몴以��떆",
    "Etc/UCT" : "吏��뿭 �몴以��떆",
    "America/Maceio" : "釉뚮씪吏덈━�븘 �몴以��떆",
    "GMT0" : "洹몃━�땲移� �몴以��떆",
    "Pacific/Niue" : "�땲�슦�뿉 �몴以��떆",
    "America/Atka" : "�븯���씠 �몴以��떆",
    "Canada/East-Saskatchewan" : "以묐� �몴以��떆",
    "Australia/Lord_Howe" : "濡쒕뱶�븯�슦 �몴以��떆",
    "Europe/Dublin" : "�븘�씪�옖�뱶 �몴以��떆",
    "Pacific/Truk" : "異뷀겕 �몴以��떆",
    "MST7MDT" : "�궛吏� �몴以��떆",
    "America/Monterrey" : "以묐� �몴以��떆",
    "America/Nassau" : "�룞遺� �몴以��떆",
    "America/Jamaica" : "�룞遺� �몴以��떆",
    "Asia/Bishkek" : "�궎瑜닿린�뒪�뒪�깂 �몴以��떆",
    "Atlantic/Stanley" : "�룷�겢�옖�뱶 �젣�룄 �몴以��떆",
    "America/Atikokan" : "�룞遺� �몴以��떆",
    "Australia/NSW" : "�룞遺� �몴以��떆(�돱�궗�슦�뒪�썾�씪利�)",
    "US/Hawaii" : "�븯���씠 �몴以��떆",
    "SystemV/CST6" : "以묐� �몴以��떆",
    "Indian/Mahe" : "�꽭�씠�끂 �몴以��떆",
    "Asia/Aqtobe" : "�븘�겕�넗踰� �몴以��떆",
    "America/Sitka" : "�븣�옒�뒪移� �몴以��떆",
    "Asia/Vladivostok" : "釉붾씪�뵒蹂댁뒪�넚 �몴以��떆",
    "Africa/Libreville" : "�꽌遺� �븘�봽由ъ뭅 �몴以��떆",
    "Africa/Maputo" : "以묒븰 �븘�봽由ъ뭅 �몴以��떆",
    "Zulu" : "吏��뿭 �몴以��떆",
    "America/Kentucky/Monticello" : "�룞遺� �몴以��떆",
    "Pacific/Marquesas" : "留덊궎���뒪 �몴以��떆",
    "America/Coral_Harbour" : "�룞遺� �몴以��떆",
    "Africa/Ouagadougou" : "洹몃━�땲移� �몴以��떆",
    "Africa/El_Aaiun" : "�꽌遺� �쑀�읇 �몴以��떆",
    "Brazil/West" : "�븘留덉〈 �몴以��떆",
    "America/Aruba" : "���꽌�뼇 �몴以��떆",
    "America/North_Dakota/Center" : "以묐� �몴以��떆",
    "Asia/Ulaanbaatar" : "�슱��諛뷀넗瑜� �몴以��떆",
    "America/Cayman" : "�룞遺� �몴以��떆",
    "Asia/Baghdad" : "�븘�씪鍮꾩븘 �몴以��떆",
    "Europe/San_Marino" : "以묒븰 �쑀�읇 �몴以��떆",
    "America/Indiana/Tell_City" : "以묐� �몴以��떆",
    "America/Tijuana" : "�깭�룊�뼇 �몴以��떆",
    "Pacific/Saipan" : "李⑤え瑜� �몴以��떆",
    "SystemV/YST9" : "�븣�옒�뒪移� �몴以��떆",
    "Africa/Douala" : "�꽌遺� �븘�봽由ъ뭅 �몴以��떆",
    "Asia/Hovd" : "�샇釉뚮뱶 �몴以��떆",
    "America/Ojinaga" : "�궛吏� �몴以��떆",
    "America/Chihuahua" : "�궛吏� �몴以��떆",
    "America/Anchorage" : "�븣�옒�뒪移� �몴以��떆",
    "Chile/EasterIsland" : "�씠�뒪�꽣 �꽟 �몴以��떆",
    "America/Halifax" : "���꽌�뼇 �몴以��떆",
    "Antarctica/Rothera" : "濡쒕뜑�씪 �몴以��떆",
    "US/Mountain" : "�궛吏� �몴以��떆",
    "America/Indiana/Indianapolis" : "�룞遺� �몴以��떆",
    "Asia/Damascus" : "�룞遺� �쑀�읇 �몴以��떆",
    "America/Argentina/San_Luis" : "�븘瑜댄뿨�떚�굹 �몴以��떆",
    "America/Santiago" : "移좊젅 �몴以��떆",
    "Asia/Baku" : "�븘�젣瑜대컮�씠�옍 �몴以��떆",
    "America/Argentina/Ushuaia" : "�븘瑜댄뿨�떚�굹 �몴以��떆",
    "Atlantic/Reykjavik" : "洹몃━�땲移� �몴以��떆",
    "Africa/Brazzaville" : "�꽌遺� �븘�봽由ъ뭅 �몴以��떆",
    "Antarctica/DumontDUrville" : "�몢紐ы듃�슦瑜대퉴 �몴以��떆",
    "America/La_Paz" : "蹂쇰━鍮꾩븘 �몴以��떆",
    "Africa/Porto-Novo" : "�꽌遺� �븘�봽由ъ뭅 �몴以��떆",
    "Asia/Taipei" : "以묎뎅 �몴以��떆",
    "Asia/Manila" : "�븘由ы� �몴以��떆",
    "Antarctica/South_Pole" : "�돱吏덈옖�뱶 �몴以��떆",
    "Asia/Bangkok" : "�씤�룄李⑥씠�굹 諛섎룄 �몴以��떆",
    "Poland" : "以묒븰 �쑀�읇 �몴以��떆",
    "Africa/Dar_es_Salaam" : "�룞遺� �븘�봽由ъ뭅 �몴以��떆",
    "Atlantic/Madeira" : "�꽌遺� �쑀�읇 �몴以��떆",
    "Antarctica/Palmer" : "移좊젅 �몴以��떆",
    "America/Thunder_Bay" : "�룞遺� �몴以��떆",
    "Africa/Addis_Ababa" : "�룞遺� �븘�봽由ъ뭅 �몴以��떆",
    "Asia/Yangon" : "誘몄�留� �몴以��떆",
    "Europe/Uzhgorod" : "�룞遺� �쑀�읇 �몴以��떆",
    "Brazil/DeNoronha" : "�럹瑜대궃�룄 �뱶 �끂濡쒗븯 �몴以��떆",
    "Etc/Zulu" : "吏��뿭 �몴以��떆",
    "Asia/Ashkhabad" : "�닾瑜댄겕硫붾땲�뒪�깂 �몴以��떆",
    "America/Indiana/Marengo" : "�룞遺� �몴以��떆",
    "America/Creston" : "�궛吏� �몴以��떆",
    "America/Mexico_City" : "以묐� �몴以��떆",
    "Antarctica/Vostok" : "蹂댁뒪�넚 �몴以��떆",
    "Asia/Jerusalem" : "�븘�뒪�씪�뿕 �몴以��떆",
    "Europe/Andorra" : "以묒븰 �쑀�읇 �몴以��떆",
    "US/Samoa" : "�궗紐⑥븘 �몴以��떆",
    "PRC" : "以묎뎅 �몴以��떆",
    "Asia/Vientiane" : "�씤�룄李⑥씠�굹 諛섎룄 �몴以��떆",
    "Pacific/Kiritimati" : "�씪�씤 �젣�룄 �몴以��떆",
    "America/Matamoros" : "以묐� �몴以��떆",
    "America/Blanc-Sablon" : "���꽌�뼇 �몴以��떆",
    "Asia/Riyadh" : "�븘�씪鍮꾩븘 �몴以��떆",
    "Iceland" : "洹몃━�땲移� �몴以��떆",
    "Pacific/Pohnpei" : "�룷�굹�럹 �몴以��떆",
    "Europe/Lisbon" : "�꽌遺� �쑀�읇 �몴以��떆",
    "Atlantic/South_Georgia" : "�궗�슦�뒪議곗��븘 �몴以��떆",
    "Asia/Ujung_Pandang" : "以묐� �씤�룄�꽕�떆�븘 �몴以��떆",
    "Asia/Harbin" : "以묎뎅 �몴以��떆",
    "Europe/Oslo" : "以묒븰 �쑀�읇 �몴以��떆",
    "Asia/Novokuznetsk" : "�겕�씪�뒪�끂�빞瑜댁뒪�겕 �몴以��떆",
    "CST6CDT" : "以묐� �몴以��떆",
    "Atlantic/Canary" : "�꽌遺� �쑀�읇 �몴以��떆",
    "SystemV/HST10" : "�븯���씠 �몴以��떆",
    "Asia/Kuwait" : "�븘�씪鍮꾩븘 �몴以��떆",
    "America/Knox_IN" : "以묐� �몴以��떆",
    "Pacific/Efate" : "諛붾늻�븘�닾 �몴以��떆",
    "America/Menominee" : "以묐� �몴以��떆",
    "America/Bogota" : "肄쒕＼鍮꾩븘 �몴以��떆",
    "Africa/Lome" : "洹몃━�땲移� �몴以��떆",
    "America/Adak" : "�븯���씠 �몴以��떆",
    "Pacific/Norfolk" : "�끂�띂 �몴以��떆",
    "Europe/Kirov" : "Europe/Kirov",
    "Pacific/Tarawa" : "湲몃쾭�듃 �젣�룄 �몴以��떆",
    "America/Resolute" : "以묐� �몴以��떆",
    "Greenwich" : "洹몃━�땲移� �몴以��떆",
    "Asia/Krasnoyarsk" : "�겕�씪�뒪�끂�빞瑜댁뒪�겕 �몴以��떆",
    "Africa/Kampala" : "�룞遺� �븘�봽由ъ뭅 �몴以��떆",
    "SystemV/EST5" : "�룞遺� �몴以��떆",
    "Europe/Podgorica" : "以묒븰 �쑀�읇 �몴以��떆",
    "America/Edmonton" : "�궛吏� �몴以��떆",
    "Canada/Central" : "以묐� �몴以��떆",
    "Australia/South" : "以묐� �몴以��떆(�궓遺� �삤�뒪�듃�젅�씪由ъ븘)",
    "America/Santo_Domingo" : "���꽌�뼇 �몴以��떆",
    "Africa/Bujumbura" : "以묒븰 �븘�봽由ъ뭅 �몴以��떆",
    "US/Eastern" : "�룞遺� �몴以��떆",
    "Pacific/Auckland" : "�돱吏덈옖�뱶 �몴以��떆",
    "Europe/Minsk" : "紐⑥뒪�겕諛� �몴以��떆",
    "America/Glace_Bay" : "���꽌�뼇 �몴以��떆",
    "Africa/Casablanca" : "�꽌遺� �쑀�읇 �몴以��떆",
    "Canada/Eastern" : "�룞遺� �몴以��떆",
    "Europe/Kiev" : "�룞遺� �쑀�읇 �몴以��떆",
    "Asia/Qatar" : "�븘�씪鍮꾩븘 �몴以��떆",
    "Singapore" : "�떛媛��룷瑜� �몴以��떆",
    "SystemV/PST8" : "�깭�룊�뼇 �몴以��떆",
    "Asia/Magadan" : "留덇��떒 �몴以��떆",
    "Europe/Belfast" : "�쁺援� �몴以��떆",
    "America/Port-au-Prince" : "�룞遺� �몴以��떆",
    "America/St_Barthelemy" : "���꽌�뼇 �몴以��떆",
    "Asia/Ashgabat" : "�닾瑜댄겕硫붾땲�뒪�깂 �몴以��떆",
    "America/Nipigon" : "�룞遺� �몴以��떆",
    "Africa/Luanda" : "�꽌遺� �븘�봽由ъ뭅 �몴以��떆",
    "Atlantic/Jan_Mayen" : "以묒븰 �쑀�읇 �몴以��떆",
    "Brazil/Acre" : "�뿉�씠而� �떆媛�",
    "Asia/Muscat" : "嫄명봽留� �몴以��떆",
    "Europe/Vilnius" : "�룞遺� �쑀�읇 �몴以��떆",
    "Asia/Bahrain" : "�븘�씪鍮꾩븘 �몴以��떆",
    "America/Fortaleza" : "釉뚮씪吏덈━�븘 �몴以��떆",
    "US/East-Indiana" : "�룞遺� �몴以��떆",
    "Etc/GMT0" : "洹몃━�땲移� �몴以��떆",
    "America/Hermosillo" : "�궛吏� �몴以��떆",
    "America/Cancun" : "�룞遺� �몴以��떆",
    "Pacific/Kosrae" : "肄붿뒪�젅 �몴以��떆",
    "Africa/Maseru" : "�궓�븘�봽由ъ뭅 �몴以��떆",
    "Asia/Seoul" : "���븳誘쇨뎅 �몴以��떆",
    "Asia/Kathmandu" : "�꽕�뙏 �몴以��떆",
    "Africa/Kinshasa" : "�꽌遺� �븘�봽由ъ뭅 �몴以��떆",
    "Australia/Sydney" : "�룞遺� �몴以��떆(�돱�궗�슦�뒪�썾�씪利�)",
    "Australia/LHI" : "濡쒕뱶�븯�슦 �몴以��떆",
    "America/Lima" : "�럹猷� �몴以��떆",
    "Europe/Madrid" : "以묒븰 �쑀�읇 �몴以��떆",
    "America/St_Lucia" : "���꽌�뼇 �몴以��떆",
    "America/Bahia_Banderas" : "以묐� �몴以��떆",
    "Asia/Brunei" : "釉뚮（�굹�씠 �몴以��떆",
    "America/Montserrat" : "���꽌�뼇 �몴以��떆",
    "America/Santa_Isabel" : "�깭�룊�뼇 �몴以��떆",
    "Canada/Mountain" : "�궛吏� �몴以��떆",
    "America/Cambridge_Bay" : "�궛吏� �몴以��떆",
    "Australia/West" : "�꽌遺� �몴以��떆(�삤�뒪�듃�젅�씪由ъ븘)",
    "Asia/Colombo" : "�씤�룄 �몴以��떆",
    "Indian/Antananarivo" : "�룞遺� �븘�봽由ъ뭅 �몴以��떆",
    "US/Indiana-Starke" : "以묐� �몴以��떆",
    "Indian/Mayotte" : "�룞遺� �븘�봽由ъ뭅 �몴以��떆",
    "Australia/Brisbane" : "�룞遺� �몴以��떆(�몄쫹�옖�뱶)",
    "Asia/Urumqi" : "以묎뎅 �몴以��떆",
    "US/Aleutian" : "�븯���씠 �몴以��떆",
    "Europe/Volgograd" : "紐⑥뒪�겕諛� �몴以��떆",
    "America/Vancouver" : "�깭�룊�뼇 �몴以��떆",
    "America/Lower_Princes" : "���꽌�뼇 �몴以��떆",
    "America/Rio_Branco" : "�뿉�씠而� �떆媛�",
    "Africa/Blantyre" : "以묒븰 �븘�봽由ъ뭅 �몴以��떆",
    "America/Detroit" : "�룞遺� �몴以��떆",
    "America/Danmarkshavn" : "洹몃━�땲移� �몴以��떆",
    "America/Thule" : "���꽌�뼇 �몴以��떆",
    "Asia/Hong_Kong" : "�솉肄� �몴以��떆",
    "Africa/Lusaka" : "以묒븰 �븘�봽由ъ뭅 �몴以��떆",
    "Iran" : "�씠�� �몴以��떆",
    "America/Argentina/La_Rioja" : "�븘瑜댄뿨�떚�굹 �몴以��떆",
    "SystemV/CST6CDT" : "以묐� �몴以��떆",
    "Africa/Dakar" : "洹몃━�땲移� �몴以��떆",
    "America/Tortola" : "���꽌�뼇 �몴以��떆",
    "Asia/Sakhalin" : "�궗�븷由� �몴以��떆",
    "America/Porto_Velho" : "�븘留덉〈 �몴以��떆",
    "Etc/GMT+10" : "Etc/GMT+10",
    "America/Scoresbysund" : "�룞遺� 洹몃┛���뱶 �몴以��떆",
    "Asia/Thimbu" : "遺��깂 �몴以��떆",
    "Asia/Kamchatka" : "�럹�듃濡쒗뙆釉뚮줈�봽�뒪�겕-罹꾩감痢좏궎 �몴以��떆",
    "Etc/GMT+12" : "Etc/GMT+12",
    "Africa/Harare" : "以묒븰 �븘�봽由ъ뭅 �몴以��떆",
    "Navajo" : "�궛吏� �몴以��떆",
    "Etc/GMT+11" : "Etc/GMT+11",
    "America/Nome" : "�븣�옒�뒪移� �몴以��떆",
    "Europe/Tallinn" : "�룞遺� �쑀�읇 �몴以��떆",
    "Turkey" : "�룞遺� �쑀�읇 �몴以��떆",
    "Africa/Khartoum" : "�룞遺� �븘�봽由ъ뭅 �몴以��떆",
    "Africa/Johannesburg" : "�궓�븘�봽由ъ뭅 �몴以��떆",
    "Africa/Bangui" : "�꽌遺� �븘�봽由ъ뭅 �몴以��떆",
    "Jamaica" : "�룞遺� �몴以��떆",
    "Europe/Belgrade" : "以묒븰 �쑀�읇 �몴以��떆",
    "Africa/Bissau" : "洹몃━�땲移� �몴以��떆",
    "Asia/Tehran" : "�씠�� �몴以��떆",
    "WET" : "�꽌遺� �쑀�읇 �몴以��떆",
    "Europe/Astrakhan" : "Europe/Astrakhan",
    "America/Campo_Grande" : "�븘留덉〈 �몴以��떆",
    "Africa/Juba" : "�룞遺� �븘�봽由ъ뭅 �몴以��떆",
    "Etc/Greenwich" : "洹몃━�땲移� �몴以��떆",
    "America/Belem" : "釉뚮씪吏덈━�븘 �몴以��떆",
    "Asia/Saigon" : "�씤�룄李⑥씠�굹 諛섎룄 �몴以��떆",
    "Pacific/Midway" : "�궗紐⑥븘 �몴以��떆",
    "America/Ensenada" : "�깭�룊�뼇 �몴以��떆",
    "America/Jujuy" : "�븘瑜댄뿨�떚�굹 �몴以��떆",
    "Africa/Timbuktu" : "洹몃━�땲移� �몴以��떆",
    "America/Virgin" : "���꽌�뼇 �몴以��떆",
    "America/Goose_Bay" : "���꽌�뼇 �몴以��떆",
    "America/Bahia" : "釉뚮씪吏덈━�븘 �몴以��떆",
    "America/Pangnirtung" : "�룞遺� �몴以��떆",
    "Asia/Katmandu" : "�꽕�뙏 �몴以��떆",
    "America/Phoenix" : "�궛吏� �몴以��떆",
    "Africa/Niamey" : "�꽌遺� �븘�봽由ъ뭅 �몴以��떆",
    "America/Whitehorse" : "�깭�룊�뼇 �몴以��떆",
    "Pacific/Noumea" : "�돱 移쇰젅�룄�땲�븘 �몴以��떆",
    "Asia/Tbilisi" : "洹몃（吏��빞 �몴以��떆",
    "America/Montreal" : "�룞遺� �몴以��떆",
    "Asia/Makassar" : "以묐� �씤�룄�꽕�떆�븘 �몴以��떆",
    "America/Argentina/San_Juan" : "�븘瑜댄뿨�떚�굹 �몴以��떆",
    "Hongkong" : "�솉肄� �몴以��떆",
    "UCT" : "吏��뿭 �몴以��떆",
    "Asia/Nicosia" : "�룞遺� �쑀�읇 �몴以��떆",
    "America/Indiana/Winamac" : "�룞遺� �몴以��떆",
    "SystemV/MST7MDT" : "�궛吏� �몴以��떆",
    "America/Argentina/ComodRivadavia" : "�븘瑜댄뿨�떚�굹 �몴以��떆",
    "America/Boa_Vista" : "�븘留덉〈 �몴以��떆",
    "Australia/Darwin" : "以묐� �몴以��떆(遺곷� 吏��뿭)",
    "America/Grenada" : "���꽌�뼇 �몴以��떆",
    "Asia/Kuala_Lumpur" : "留먮젅�씠�떆�븘 �몴以��떆",
    "Asia/Khandyga" : "�빞荑좎툩�겕 �몴以��떆",
    "Asia/Thimphu" : "遺��깂 �몴以��떆",
    "Asia/Famagusta" : "Asia/Famagusta",
    "Asia/Rangoon" : "誘몄�留� �몴以��떆",
    "Europe/Bratislava" : "以묒븰 �쑀�읇 �몴以��떆",
    "Asia/Calcutta" : "�씤�룄 �몴以��떆",
    "Asia/Kabul" : "�븘�봽媛��땲�뒪�깂 �몴以��떆",
    "America/Argentina/Tucuman" : "�븘瑜댄뿨�떚�굹 �몴以��떆",
    "Indian/Cocos" : "肄붿퐫�뒪 �젣�룄 �몴以��떆",
    "Pacific/Tongatapu" : "�넻媛� �몴以��떆",
    "Japan" : "�씪蹂� �몴以��떆",
    "Etc/GMT-12" : "Etc/GMT-12",
    "America/New_York" : "�룞遺� �몴以��떆",
    "Etc/GMT-11" : "Etc/GMT-11",
    "Etc/GMT-10" : "Etc/GMT-10",
    "SystemV/YST9YDT" : "�븣�옒�뒪移� �몴以��떆",
    "Europe/Ulyanovsk" : "Europe/Ulyanovsk",
    "Etc/GMT-14" : "Etc/GMT-14",
    "Etc/GMT-13" : "Etc/GMT-13",
    "W-SU" : "紐⑥뒪�겕諛� �몴以��떆",
    "America/Merida" : "以묐� �몴以��떆",
    "EET" : "�룞遺� �쑀�읇 �몴以��떆",
    "Canada/Saskatchewan" : "以묐� �몴以��떆",
    "America/Rosario" : "�븘瑜댄뿨�떚�굹 �몴以��떆",
    "America/St_Kitts" : "���꽌�뼇 �몴以��떆",
    "Arctic/Longyearbyen" : "以묒븰 �쑀�읇 �몴以��떆",
    "America/Fort_Nelson" : "�궛吏� �몴以��떆",
    "America/Caracas" : "踰좊꽕�닔�뿕�씪 �몴以��떆",
    "America/Guadeloupe" : "���꽌�뼇 �몴以��떆",
    "Indian/Kerguelen" : "�봽�옉�뒪�졊 �궓遺� 諛� �궓洹� ��瑜� �몴以��떆",
    "Asia/Hebron" : "�룞遺� �쑀�읇 �몴以��떆",
    "SystemV/PST8PDT" : "�깭�룊�뼇 �몴以��떆",
    "Egypt" : "�룞遺� �쑀�읇 �몴以��떆",
    "Asia/Ust-Nera" : "�슦�뒪�떚�꽕�씪 �몴以��떆",
    "Africa/Monrovia" : "洹몃━�땲移� �몴以��떆",
    "Asia/Srednekolymsk" : "Srednekolymsk Time",
    "America/North_Dakota/New_Salem" : "以묐� �몴以��떆",
    "Asia/Anadyr" : "�븘�굹�뵒由� �몴以��떆",
    "Australia/Melbourne" : "�룞遺� �몴以��떆(鍮낇넗由ъ븘)",
    "Asia/Irkutsk" : "�씠瑜댁퓼痢좏겕 �몴以��떆",
    "America/Shiprock" : "�궛吏� �몴以��떆",
    "America/Winnipeg" : "以묐� �몴以��떆",
    "Europe/Vatican" : "以묒븰 �쑀�읇 �몴以��떆",
    "Asia/Amman" : "�룞遺� �쑀�읇 �몴以��떆",
    "Etc/UTC" : "吏��뿭 �몴以��떆",
    "SystemV/AST4ADT" : "���꽌�뼇 �몴以��떆",
    "Asia/Tokyo" : "�씪蹂� �몴以��떆",
    "America/Toronto" : "�룞遺� �몴以��떆",
    "Asia/Singapore" : "�떛媛��룷瑜� �몴以��떆",
    "Australia/Lindeman" : "�룞遺� �몴以��떆(�몄쫹�옖�뱶)",
    "America/Los_Angeles" : "�깭�룊�뼇 �몴以��떆",
    "SystemV/EST5EDT" : "�룞遺� �몴以��떆",
    "Pacific/Majuro" : "留덉뀥 �젣�룄 �몴以��떆",
    "America/Argentina/Buenos_Aires" : "�븘瑜댄뿨�떚�굹 �몴以��떆",
    "Europe/Nicosia" : "�룞遺� �쑀�읇 �몴以��떆",
    "Pacific/Guadalcanal" : "�넄濡쒕が �젣�룄 �몴以��떆",
    "Europe/Athens" : "�룞遺� �쑀�읇 �몴以��떆",
    "US/Pacific" : "�깭�룊�뼇 �몴以��떆",
    "Europe/Monaco" : "以묒븰 �쑀�읇 �몴以��떆"
  }
}]]></system-out>
  </testcase>
</testsuite>